1.3290456533432007 1.1251543760299683
1.0550189018249512 1.0070542097091675
0.9712456464767456 0.9449862837791443
0.9182910919189453 0.9004614949226379
0.8823081254959106 0.8724696636199951
0.8594615459442139 0.8548212647438049
0.8441081047058105 0.8418709635734558
0.8328011631965637 0.8322176933288574
0.8234736919403076 0.8237037658691406
0.8154470324516296 0.816045343875885
0.8083939552307129 0.8099052906036377
0.8022346496582031 0.803821325302124
0.796696662902832 0.7987053990364075
0.7920698523521423 0.7945865988731384
0.7880963683128357 0.7908400893211365
0.7845296263694763 0.7875020503997803
0.7813604474067688 0.7848027348518372
0.778451681137085 0.7817471027374268
0.7758309245109558 0.7796140909194946
0.7733923196792603 0.7771875262260437
0.771216094493866 0.7750611901283264
0.7691377401351929 0.7733559608459473
0.7671080231666565 0.7714998126029968
0.7652841210365295 0.7695491313934326
0.7635167837142944 0.767905592918396
0.7618796229362488 0.7663172483444214
0.7602532505989075 0.7647080421447754
0.7586873173713684 0.7635825276374817
0.7572222352027893 0.761745274066925
0.7558018565177917 0.7602607011795044
